170621 15:22:03  InnoDB: Database was not shut down normally!
InnoDB: Starting crash recovery.
InnoDB: Reading tablespace information from the .ibd files...
InnoDB: Restoring possible half-written data pages from the doublewrite
InnoDB: buffer...
170621 15:22:03  InnoDB: Starting log scan based on checkpoint at
InnoDB: log sequence number 0 21112469.
InnoDB: Doing recovery: scanned up to log sequence number 0 21112469
170621 15:22:05  InnoDB: Started; log sequence number 0 21112469
170621 15:22:05 [Note] mysqld: ready for connections.
Version: '5.0.27-community'  socket: ''  port: 3306  MySQL Community Edition (GPL)
170622  8:50:38  InnoDB: Operating system error number 32 in a file operation.
InnoDB: Some operating system error numbers are described at
InnoDB: http://dev.mysql.com/doc/refman/5.0/en/operating-system-error-codes.html
InnoDB: File name .\ibdata1
InnoDB: File operation call: 'open'.
InnoDB: Cannot continue operation.
170626  8:27:29  InnoDB: Database was not shut down normally!
InnoDB: Starting crash recovery.
InnoDB: Reading tablespace information from the .ibd files...
InnoDB: Restoring possible half-written data pages from the doublewrite
InnoDB: buffer...
170626  8:27:29  InnoDB: Starting log scan based on checkpoint at
InnoDB: log sequence number 0 21112469.
InnoDB: Doing recovery: scanned up to log sequence number 0 21112469
170626  8:27:29  InnoDB: Started; log sequence number 0 21112469
170626  8:27:29 [Note] mysqld: ready for connections.
Version: '5.0.27-community'  socket: ''  port: 3306  MySQL Community Edition (GPL)
170626  8:41:59  InnoDB: Operating system error number 32 in a file operation.
InnoDB: Some operating system error numbers are described at
InnoDB: http://dev.mysql.com/doc/refman/5.0/en/operating-system-error-codes.html
InnoDB: File name .\ibdata1
InnoDB: File operation call: 'open'.
InnoDB: Cannot continue operation.
170626  8:42:19  InnoDB: Operating system error number 32 in a file operation.
InnoDB: Some operating system error numbers are described at
InnoDB: http://dev.mysql.com/doc/refman/5.0/en/operating-system-error-codes.html
InnoDB: File name .\ibdata1
InnoDB: File operation call: 'open'.
InnoDB: Cannot continue operation.
170626  8:42:24  InnoDB: Operating system error number 32 in a file operation.
InnoDB: Some operating system error numbers are described at
InnoDB: http://dev.mysql.com/doc/refman/5.0/en/operating-system-error-codes.html
InnoDB: File name .\ibdata1
InnoDB: File operation call: 'open'.
InnoDB: Cannot continue operation.
170627  9:05:03  InnoDB: Operating system error number 32 in a file operation.
InnoDB: Some operating system error numbers are described at
InnoDB: http://dev.mysql.com/doc/refman/5.0/en/operating-system-error-codes.html
InnoDB: File name .\ibdata1
InnoDB: File operation call: 'open'.
InnoDB: Cannot continue operation.
170627 10:23:24  InnoDB: Operating system error number 32 in a file operation.
InnoDB: Some operating system error numbers are described at
InnoDB: http://dev.mysql.com/doc/refman/5.0/en/operating-system-error-codes.html
InnoDB: File name .\ibdata1
InnoDB: File operation call: 'open'.
InnoDB: Cannot continue operation.
170627 10:27:08  InnoDB: Operating system error number 32 in a file operation.
InnoDB: Some operating system error numbers are described at
InnoDB: http://dev.mysql.com/doc/refman/5.0/en/operating-system-error-codes.html
InnoDB: File name .\ibdata1
InnoDB: File operation call: 'open'.
InnoDB: Cannot continue operation.
170627 10:29:13  InnoDB: Operating system error number 32 in a file operation.
InnoDB: Some operating system error numbers are described at
InnoDB: http://dev.mysql.com/doc/refman/5.0/en/operating-system-error-codes.html
InnoDB: File name .\ibdata1
InnoDB: File operation call: 'open'.
InnoDB: Cannot continue operation.
170627 10:29:17  InnoDB: Operating system error number 32 in a file operation.
InnoDB: Some operating system error numbers are described at
InnoDB: http://dev.mysql.com/doc/refman/5.0/en/operating-system-error-codes.html
InnoDB: File name .\ibdata1
InnoDB: File operation call: 'open'.
InnoDB: Cannot continue operation.
170627 14:53:20  InnoDB: Database was not shut down normally!
InnoDB: Starting crash recovery.
InnoDB: Reading tablespace information from the .ibd files...
InnoDB: Restoring possible half-written data pages from the doublewrite
InnoDB: buffer...
170627 14:53:20  InnoDB: Starting log scan based on checkpoint at
InnoDB: log sequence number 0 21112469.
InnoDB: Doing recovery: scanned up to log sequence number 0 21112469
170627 14:53:20  InnoDB: Started; log sequence number 0 21112469
170627 14:53:20 [Note] mysqld: ready for connections.
Version: '5.0.27-community'  socket: ''  port: 3306  MySQL Community Edition (GPL)
170628 16:23:16  InnoDB: Operating system error number 32 in a file operation.
InnoDB: Some operating system error numbers are described at
InnoDB: http://dev.mysql.com/doc/refman/5.0/en/operating-system-error-codes.html
InnoDB: File name .\ibdata1
InnoDB: File operation call: 'open'.
InnoDB: Cannot continue operation.
170628 16:50:39  InnoDB: Operating system error number 32 in a file operation.
InnoDB: Some operating system error numbers are described at
InnoDB: http://dev.mysql.com/doc/refman/5.0/en/operating-system-error-codes.html
InnoDB: File name .\ibdata1
InnoDB: File operation call: 'open'.
InnoDB: Cannot continue operation.
170630  8:32:18  InnoDB: Database was not shut down normally!
InnoDB: Starting crash recovery.
InnoDB: Reading tablespace information from the .ibd files...
InnoDB: Restoring possible half-written data pages from the doublewrite
InnoDB: buffer...
170630  8:32:18  InnoDB: Starting log scan based on checkpoint at
InnoDB: log sequence number 0 21112469.
InnoDB: Doing recovery: scanned up to log sequence number 0 21112469
170630  8:32:18  InnoDB: Started; log sequence number 0 21112469
170630  8:32:18 [Note] mysqld: ready for connections.
Version: '5.0.27-community'  socket: ''  port: 3306  MySQL Community Edition (GPL)
170630 14:23:55  InnoDB: Database was not shut down normally!
InnoDB: Starting crash recovery.
InnoDB: Reading tablespace information from the .ibd files...
InnoDB: Restoring possible half-written data pages from the doublewrite
InnoDB: buffer...
170630 14:23:55  InnoDB: Starting log scan based on checkpoint at
InnoDB: log sequence number 0 21112469.
InnoDB: Doing recovery: scanned up to log sequence number 0 21112469
170630 14:23:55  InnoDB: Started; log sequence number 0 21112469
170630 14:23:55 [Note] mysqld: ready for connections.
Version: '5.0.27-community'  socket: ''  port: 3306  MySQL Community Edition (GPL)
170703 10:40:02  InnoDB: Database was not shut down normally!
InnoDB: Starting crash recovery.
InnoDB: Reading tablespace information from the .ibd files...
InnoDB: Restoring possible half-written data pages from the doublewrite
InnoDB: buffer...
170703 10:40:02  InnoDB: Starting log scan based on checkpoint at
InnoDB: log sequence number 0 21112469.
InnoDB: Doing recovery: scanned up to log sequence number 0 21112469
170703 10:40:02  InnoDB: Started; log sequence number 0 21112469
170703 10:40:02 [Note] mysqld: ready for connections.
Version: '5.0.27-community'  socket: ''  port: 3306  MySQL Community Edition (GPL)
170703 11:11:25  InnoDB: Database was not shut down normally!
InnoDB: Starting crash recovery.
InnoDB: Reading tablespace information from the .ibd files...
InnoDB: Restoring possible half-written data pages from the doublewrite
InnoDB: buffer...
170703 11:11:25  InnoDB: Starting log scan based on checkpoint at
InnoDB: log sequence number 0 21112469.
InnoDB: Doing recovery: scanned up to log sequence number 0 21112469
170703 11:11:25  InnoDB: Started; log sequence number 0 21112469
170703 11:11:25 [Note] mysqld: ready for connections.
Version: '5.0.27-community'  socket: ''  port: 3306  MySQL Community Edition (GPL)
170703 14:37:27  InnoDB: Database was not shut down normally!
InnoDB: Starting crash recovery.
InnoDB: Reading tablespace information from the .ibd files...
InnoDB: Restoring possible half-written data pages from the doublewrite
InnoDB: buffer...
170703 14:37:27  InnoDB: Starting log scan based on checkpoint at
InnoDB: log sequence number 0 21112469.
InnoDB: Doing recovery: scanned up to log sequence number 0 21112469
170703 14:37:27  InnoDB: Started; log sequence number 0 21112469
170703 14:37:27 [Note] mysqld: ready for connections.
Version: '5.0.27-community'  socket: ''  port: 3306  MySQL Community Edition (GPL)
170704  8:39:19  InnoDB: Database was not shut down normally!
InnoDB: Starting crash recovery.
InnoDB: Reading tablespace information from the .ibd files...
InnoDB: Restoring possible half-written data pages from the doublewrite
InnoDB: buffer...
170704  8:39:19  InnoDB: Starting log scan based on checkpoint at
InnoDB: log sequence number 0 21112469.
InnoDB: Doing recovery: scanned up to log sequence number 0 21112469
170704  8:39:19  InnoDB: Started; log sequence number 0 21112469
170704  8:39:19 [Note] mysqld: ready for connections.
Version: '5.0.27-community'  socket: ''  port: 3306  MySQL Community Edition (GPL)
170704 11:57:53  InnoDB: Database was not shut down normally!
InnoDB: Starting crash recovery.
InnoDB: Reading tablespace information from the .ibd files...
InnoDB: Restoring possible half-written data pages from the doublewrite
InnoDB: buffer...
170704 11:57:53  InnoDB: Starting log scan based on checkpoint at
InnoDB: log sequence number 0 21112469.
InnoDB: Doing recovery: scanned up to log sequence number 0 21112469
170704 11:57:53  InnoDB: Started; log sequence number 0 21112469
170704 11:57:53 [Note] mysqld: ready for connections.
Version: '5.0.27-community'  socket: ''  port: 3306  MySQL Community Edition (GPL)
170704 13:59:43  InnoDB: Operating system error number 32 in a file operation.
InnoDB: Some operating system error numbers are described at
InnoDB: http://dev.mysql.com/doc/refman/5.0/en/operating-system-error-codes.html
InnoDB: File name .\ibdata1
InnoDB: File operation call: 'open'.
InnoDB: Cannot continue operation.
170704 14:20:54  InnoDB: Operating system error number 32 in a file operation.
InnoDB: Some operating system error numbers are described at
InnoDB: http://dev.mysql.com/doc/refman/5.0/en/operating-system-error-codes.html
InnoDB: File name .\ibdata1
InnoDB: File operation call: 'open'.
InnoDB: Cannot continue operation.
170704 14:20:56  InnoDB: Operating system error number 32 in a file operation.
InnoDB: Some operating system error numbers are described at
InnoDB: http://dev.mysql.com/doc/refman/5.0/en/operating-system-error-codes.html
InnoDB: File name .\ibdata1
InnoDB: File operation call: 'open'.
InnoDB: Cannot continue operation.
170704 14:25:03  InnoDB: Database was not shut down normally!
InnoDB: Starting crash recovery.
InnoDB: Reading tablespace information from the .ibd files...
InnoDB: Restoring possible half-written data pages from the doublewrite
InnoDB: buffer...
170704 14:25:03  InnoDB: Starting log scan based on checkpoint at
InnoDB: log sequence number 0 21112469.
InnoDB: Doing recovery: scanned up to log sequence number 0 21112469
170704 14:25:03  InnoDB: Started; log sequence number 0 21112469
170704 14:25:03 [Note] mysqld: ready for connections.
Version: '5.0.27-community'  socket: ''  port: 3306  MySQL Community Edition (GPL)
170704 14:47:25  InnoDB: Operating system error number 32 in a file operation.
InnoDB: Some operating system error numbers are described at
InnoDB: http://dev.mysql.com/doc/refman/5.0/en/operating-system-error-codes.html
InnoDB: File name .\ibdata1
InnoDB: File operation call: 'open'.
InnoDB: Cannot continue operation.
170704 14:54:51  InnoDB: Operating system error number 32 in a file operation.
InnoDB: Some operating system error numbers are described at
InnoDB: http://dev.mysql.com/doc/refman/5.0/en/operating-system-error-codes.html
InnoDB: File name .\ibdata1
InnoDB: File operation call: 'open'.
InnoDB: Cannot continue operation.
170704 14:56:31  InnoDB: Operating system error number 32 in a file operation.
InnoDB: Some operating system error numbers are described at
InnoDB: http://dev.mysql.com/doc/refman/5.0/en/operating-system-error-codes.html
InnoDB: File name .\ibdata1
InnoDB: File operation call: 'open'.
InnoDB: Cannot continue operation.
170704 15:38:25  InnoDB: Operating system error number 32 in a file operation.
InnoDB: Some operating system error numbers are described at
InnoDB: http://dev.mysql.com/doc/refman/5.0/en/operating-system-error-codes.html
InnoDB: File name .\ibdata1
InnoDB: File operation call: 'open'.
InnoDB: Cannot continue operation.
170704 16:53:47  InnoDB: Operating system error number 32 in a file operation.
InnoDB: Some operating system error numbers are described at
InnoDB: http://dev.mysql.com/doc/refman/5.0/en/operating-system-error-codes.html
InnoDB: File name .\ibdata1
InnoDB: File operation call: 'open'.
InnoDB: Cannot continue operation.
170710  8:54:06  InnoDB: Database was not shut down normally!
InnoDB: Starting crash recovery.
InnoDB: Reading tablespace information from the .ibd files...
InnoDB: Restoring possible half-written data pages from the doublewrite
InnoDB: buffer...
170710  8:54:06  InnoDB: Starting log scan based on checkpoint at
InnoDB: log sequence number 0 21112469.
InnoDB: Doing recovery: scanned up to log sequence number 0 21112469
170710  8:54:06  InnoDB: Started; log sequence number 0 21112469
170710  8:54:06 [Note] mysqld: ready for connections.
Version: '5.0.27-community'  socket: ''  port: 3306  MySQL Community Edition (GPL)
170710 12:25:13  InnoDB: Database was not shut down normally!
InnoDB: Starting crash recovery.
InnoDB: Reading tablespace information from the .ibd files...
InnoDB: Restoring possible half-written data pages from the doublewrite
InnoDB: buffer...
170710 12:25:14  InnoDB: Starting log scan based on checkpoint at
InnoDB: log sequence number 0 21112469.
InnoDB: Doing recovery: scanned up to log sequence number 0 21112469
170710 12:25:14  InnoDB: Started; log sequence number 0 21112469
170710 12:25:14 [Note] mysqld: ready for connections.
Version: '5.0.27-community'  socket: ''  port: 3306  MySQL Community Edition (GPL)
170710 14:24:40  InnoDB: Database was not shut down normally!
InnoDB: Starting crash recovery.
InnoDB: Reading tablespace information from the .ibd files...
InnoDB: Restoring possible half-written data pages from the doublewrite
InnoDB: buffer...
170710 14:24:40  InnoDB: Starting log scan based on checkpoint at
InnoDB: log sequence number 0 21112469.
InnoDB: Doing recovery: scanned up to log sequence number 0 21112469
170710 14:24:40  InnoDB: Started; log sequence number 0 21112469
170710 14:24:40 [Note] mysqld: ready for connections.
Version: '5.0.27-community'  socket: ''  port: 3306  MySQL Community Edition (GPL)
170711  8:44:09  InnoDB: Database was not shut down normally!
InnoDB: Starting crash recovery.
InnoDB: Reading tablespace information from the .ibd files...
InnoDB: Restoring possible half-written data pages from the doublewrite
InnoDB: buffer...
170711  8:44:09  InnoDB: Starting log scan based on checkpoint at
InnoDB: log sequence number 0 21112469.
InnoDB: Doing recovery: scanned up to log sequence number 0 21112469
170711  8:44:09  InnoDB: Started; log sequence number 0 21112469
170711  8:44:09 [Note] mysqld: ready for connections.
Version: '5.0.27-community'  socket: ''  port: 3306  MySQL Community Edition (GPL)
170711 13:37:25  InnoDB: Database was not shut down normally!
InnoDB: Starting crash recovery.
InnoDB: Reading tablespace information from the .ibd files...
InnoDB: Restoring possible half-written data pages from the doublewrite
InnoDB: buffer...
170711 13:37:25  InnoDB: Starting log scan based on checkpoint at
InnoDB: log sequence number 0 21112469.
InnoDB: Doing recovery: scanned up to log sequence number 0 21112469
170711 13:37:25  InnoDB: Started; log sequence number 0 21112469
170711 13:37:25 [Note] mysqld: ready for connections.
Version: '5.0.27-community'  socket: ''  port: 3306  MySQL Community Edition (GPL)
170711 14:35:39  InnoDB: Operating system error number 32 in a file operation.
InnoDB: Some operating system error numbers are described at
InnoDB: http://dev.mysql.com/doc/refman/5.0/en/operating-system-error-codes.html
InnoDB: File name .\ibdata1
InnoDB: File operation call: 'open'.
InnoDB: Cannot continue operation.
170711 14:35:45  InnoDB: Operating system error number 32 in a file operation.
InnoDB: Some operating system error numbers are described at
InnoDB: http://dev.mysql.com/doc/refman/5.0/en/operating-system-error-codes.html
InnoDB: File name .\ibdata1
InnoDB: File operation call: 'open'.
InnoDB: Cannot continue operation.
170711 17:32:19  InnoDB: Database was not shut down normally!
InnoDB: Starting crash recovery.
InnoDB: Reading tablespace information from the .ibd files...
InnoDB: Restoring possible half-written data pages from the doublewrite
InnoDB: buffer...
170711 17:32:19  InnoDB: Starting log scan based on checkpoint at
InnoDB: log sequence number 0 21112469.
InnoDB: Doing recovery: scanned up to log sequence number 0 21112469
170711 17:32:19  InnoDB: Started; log sequence number 0 21112469
170711 17:32:19 [Note] mysqld: ready for connections.
Version: '5.0.27-community'  socket: ''  port: 3306  MySQL Community Edition (GPL)
170712 10:42:39  InnoDB: Database was not shut down normally!
InnoDB: Starting crash recovery.
InnoDB: Reading tablespace information from the .ibd files...
InnoDB: Restoring possible half-written data pages from the doublewrite
InnoDB: buffer...
170712 10:42:39  InnoDB: Starting log scan based on checkpoint at
InnoDB: log sequence number 0 21112469.
InnoDB: Doing recovery: scanned up to log sequence number 0 21112469
170712 10:42:39  InnoDB: Started; log sequence number 0 21112469
170712 10:42:39 [Note] mysqld: ready for connections.
Version: '5.0.27-community'  socket: ''  port: 3306  MySQL Community Edition (GPL)
170712 11:56:41  InnoDB: Database was not shut down normally!
InnoDB: Starting crash recovery.
InnoDB: Reading tablespace information from the .ibd files...
InnoDB: Restoring possible half-written data pages from the doublewrite
InnoDB: buffer...
170712 11:56:41  InnoDB: Starting log scan based on checkpoint at
InnoDB: log sequence number 0 21112469.
InnoDB: Doing recovery: scanned up to log sequence number 0 21112469
170712 11:56:41  InnoDB: Started; log sequence number 0 21112469
170712 11:56:41 [Note] mysqld: ready for connections.
Version: '5.0.27-community'  socket: ''  port: 3306  MySQL Community Edition (GPL)
170712 13:36:59  InnoDB: Database was not shut down normally!
InnoDB: Starting crash recovery.
InnoDB: Reading tablespace information from the .ibd files...
InnoDB: Restoring possible half-written data pages from the doublewrite
InnoDB: buffer...
170712 13:36:59  InnoDB: Starting log scan based on checkpoint at
InnoDB: log sequence number 0 21112469.
InnoDB: Doing recovery: scanned up to log sequence number 0 21112469
170712 13:36:59  InnoDB: Started; log sequence number 0 21112469
170712 13:36:59 [Note] mysqld: ready for connections.
Version: '5.0.27-community'  socket: ''  port: 3306  MySQL Community Edition (GPL)
170713  8:31:21  InnoDB: Database was not shut down normally!
InnoDB: Starting crash recovery.
InnoDB: Reading tablespace information from the .ibd files...
InnoDB: Restoring possible half-written data pages from the doublewrite
InnoDB: buffer...
170713  8:31:21  InnoDB: Starting log scan based on checkpoint at
InnoDB: log sequence number 0 21112469.
InnoDB: Doing recovery: scanned up to log sequence number 0 21112469
170713  8:31:21  InnoDB: Started; log sequence number 0 21112469
170713  8:31:21 [Note] mysqld: ready for connections.
Version: '5.0.27-community'  socket: ''  port: 3306  MySQL Community Edition (GPL)
170713 13:02:52  InnoDB: Operating system error number 32 in a file operation.
InnoDB: Some operating system error numbers are described at
InnoDB: http://dev.mysql.com/doc/refman/5.0/en/operating-system-error-codes.html
InnoDB: File name .\ibdata1
InnoDB: File operation call: 'open'.
InnoDB: Cannot continue operation.
170714  8:44:30  InnoDB: Database was not shut down normally!
InnoDB: Starting crash recovery.
InnoDB: Reading tablespace information from the .ibd files...
InnoDB: Restoring possible half-written data pages from the doublewrite
InnoDB: buffer...
170714  8:44:30  InnoDB: Starting log scan based on checkpoint at
InnoDB: log sequence number 0 21112469.
InnoDB: Doing recovery: scanned up to log sequence number 0 21112469
170714  8:44:30  InnoDB: Started; log sequence number 0 21112469
170714  8:44:30 [Note] mysqld: ready for connections.
Version: '5.0.27-community'  socket: ''  port: 3306  MySQL Community Edition (GPL)
170717  8:37:49  InnoDB: Database was not shut down normally!
InnoDB: Starting crash recovery.
InnoDB: Reading tablespace information from the .ibd files...
InnoDB: Restoring possible half-written data pages from the doublewrite
InnoDB: buffer...
170717  8:37:49  InnoDB: Starting log scan based on checkpoint at
InnoDB: log sequence number 0 21112469.
InnoDB: Doing recovery: scanned up to log sequence number 0 21112469
170717  8:37:49  InnoDB: Started; log sequence number 0 21112469
170717  8:37:49 [Note] mysqld: ready for connections.
Version: '5.0.27-community'  socket: ''  port: 3306  MySQL Community Edition (GPL)
170720 10:17:14  InnoDB: Operating system error number 32 in a file operation.
InnoDB: Some operating system error numbers are described at
InnoDB: http://dev.mysql.com/doc/refman/5.0/en/operating-system-error-codes.html
InnoDB: File name .\ibdata1
InnoDB: File operation call: 'open'.
InnoDB: Cannot continue operation.
170720 10:17:18  InnoDB: Operating system error number 32 in a file operation.
InnoDB: Some operating system error numbers are described at
InnoDB: http://dev.mysql.com/doc/refman/5.0/en/operating-system-error-codes.html
InnoDB: File name .\ibdata1
InnoDB: File operation call: 'open'.
InnoDB: Cannot continue operation.
170721 14:32:30  InnoDB: Operating system error number 32 in a file operation.
InnoDB: Some operating system error numbers are described at
InnoDB: http://dev.mysql.com/doc/refman/5.0/en/operating-system-error-codes.html
InnoDB: File name .\ibdata1
InnoDB: File operation call: 'open'.
InnoDB: Cannot continue operation.
170721 17:59:23  InnoDB: Operating system error number 32 in a file operation.
InnoDB: Some operating system error numbers are described at
InnoDB: http://dev.mysql.com/doc/refman/5.0/en/operating-system-error-codes.html
InnoDB: File name .\ibdata1
InnoDB: File operation call: 'open'.
InnoDB: Cannot continue operation.
170721 17:59:54  InnoDB: Operating system error number 32 in a file operation.
InnoDB: Some operating system error numbers are described at
InnoDB: http://dev.mysql.com/doc/refman/5.0/en/operating-system-error-codes.html
InnoDB: File name .\ibdata1
InnoDB: File operation call: 'open'.
InnoDB: Cannot continue operation.
170724  8:42:39  InnoDB: Database was not shut down normally!
InnoDB: Starting crash recovery.
InnoDB: Reading tablespace information from the .ibd files...
InnoDB: Restoring possible half-written data pages from the doublewrite
InnoDB: buffer...
170724  8:42:39  InnoDB: Starting log scan based on checkpoint at
InnoDB: log sequence number 0 21112469.
InnoDB: Doing recovery: scanned up to log sequence number 0 21112469
170724  8:42:39  InnoDB: Started; log sequence number 0 21112469
170724  8:42:39 [Note] mysqld: ready for connections.
Version: '5.0.27-community'  socket: ''  port: 3306  MySQL Community Edition (GPL)
170727  8:37:08  InnoDB: Database was not shut down normally!
InnoDB: Starting crash recovery.
InnoDB: Reading tablespace information from the .ibd files...
InnoDB: Restoring possible half-written data pages from the doublewrite
InnoDB: buffer...
170727  8:37:08  InnoDB: Starting log scan based on checkpoint at
InnoDB: log sequence number 0 21112469.
InnoDB: Doing recovery: scanned up to log sequence number 0 21112469
170727  8:37:08  InnoDB: Started; log sequence number 0 21112469
170727  8:37:09 [Note] mysqld: ready for connections.
Version: '5.0.27-community'  socket: ''  port: 3306  MySQL Community Edition (GPL)
170728  8:40:30  InnoDB: Database was not shut down normally!
InnoDB: Starting crash recovery.
InnoDB: Reading tablespace information from the .ibd files...
InnoDB: Restoring possible half-written data pages from the doublewrite
InnoDB: buffer...
170728  8:40:31  InnoDB: Starting log scan based on checkpoint at
InnoDB: log sequence number 0 21112469.
InnoDB: Doing recovery: scanned up to log sequence number 0 21112469
170728  8:40:31  InnoDB: Started; log sequence number 0 21112469
170728  8:40:31 [Note] mysqld: ready for connections.
Version: '5.0.27-community'  socket: ''  port: 3306  MySQL Community Edition (GPL)
170802 14:38:06  InnoDB: Database was not shut down normally!
InnoDB: Starting crash recovery.
InnoDB: Reading tablespace information from the .ibd files...
InnoDB: Restoring possible half-written data pages from the doublewrite
InnoDB: buffer...
170802 14:38:06  InnoDB: Starting log scan based on checkpoint at
InnoDB: log sequence number 0 21112469.
InnoDB: Doing recovery: scanned up to log sequence number 0 21112469
170802 14:38:06  InnoDB: Started; log sequence number 0 21112469
170802 14:38:06 [Note] mysqld: ready for connections.
Version: '5.0.27-community'  socket: ''  port: 3306  MySQL Community Edition (GPL)
170802 15:55:23  InnoDB: Database was not shut down normally!
InnoDB: Starting crash recovery.
InnoDB: Reading tablespace information from the .ibd files...
InnoDB: Restoring possible half-written data pages from the doublewrite
InnoDB: buffer...
170802 15:55:23  InnoDB: Starting log scan based on checkpoint at
InnoDB: log sequence number 0 21112469.
InnoDB: Doing recovery: scanned up to log sequence number 0 21112469
170802 15:55:23  InnoDB: Started; log sequence number 0 21112469
170802 15:55:23 [Note] mysqld: ready for connections.
Version: '5.0.27-community'  socket: ''  port: 3306  MySQL Community Edition (GPL)
170814 17:17:23  InnoDB: Operating system error number 32 in a file operation.
InnoDB: Some operating system error numbers are described at
InnoDB: http://dev.mysql.com/doc/refman/5.0/en/operating-system-error-codes.html
InnoDB: File name .\ibdata1
InnoDB: File operation call: 'open'.
InnoDB: Cannot continue operation.
