151117 10:07:09  InnoDB: Started; log sequence number 0 21112449
151117 10:07:09 [Note] mysqld: ready for connections.
Version: '5.0.27-community'  socket: ''  port: 3306  MySQL Community Edition (GPL)
151118  9:44:43  InnoDB: Started; log sequence number 0 21112449
151118  9:44:43 [Note] mysqld: ready for connections.
Version: '5.0.27-community'  socket: ''  port: 3306  MySQL Community Edition (GPL)
160105 15:03:27  InnoDB: Started; log sequence number 0 21112449
160105 15:03:27 [Note] mysqld: ready for connections.
Version: '5.0.27-community'  socket: ''  port: 3306  MySQL Community Edition (GPL)
160108 11:22:14  InnoDB: Started; log sequence number 0 21112449
160108 11:22:14 [Note] mysqld: ready for connections.
Version: '5.0.27-community'  socket: ''  port: 3306  MySQL Community Edition (GPL)
170301 14:53:27  InnoDB: Database was not shut down normally!
InnoDB: Starting crash recovery.
InnoDB: Reading tablespace information from the .ibd files...
InnoDB: Restoring possible half-written data pages from the doublewrite
InnoDB: buffer...
170301 14:53:28  InnoDB: Starting log scan based on checkpoint at
InnoDB: log sequence number 0 21112469.
InnoDB: Doing recovery: scanned up to log sequence number 0 21112469
170301 14:53:28  InnoDB: Started; log sequence number 0 21112469
170301 14:53:28 [Note] mysqld: ready for connections.
Version: '5.0.27-community'  socket: ''  port: 3306  MySQL Community Edition (GPL)
170301 14:55:23  InnoDB: Database was not shut down normally!
InnoDB: Starting crash recovery.
InnoDB: Reading tablespace information from the .ibd files...
InnoDB: Restoring possible half-written data pages from the doublewrite
InnoDB: buffer...
170301 14:55:23  InnoDB: Starting log scan based on checkpoint at
InnoDB: log sequence number 0 21112469.
InnoDB: Doing recovery: scanned up to log sequence number 0 21112469
170301 14:55:23  InnoDB: Started; log sequence number 0 21112469
170301 14:55:23 [Note] mysqld: ready for connections.
Version: '5.0.27-community'  socket: ''  port: 3306  MySQL Community Edition (GPL)
170301 15:02:04  InnoDB: Database was not shut down normally!
InnoDB: Starting crash recovery.
InnoDB: Reading tablespace information from the .ibd files...
InnoDB: Restoring possible half-written data pages from the doublewrite
InnoDB: buffer...
170301 15:02:04  InnoDB: Starting log scan based on checkpoint at
InnoDB: log sequence number 0 21112469.
InnoDB: Doing recovery: scanned up to log sequence number 0 21112469
170301 15:02:04  InnoDB: Started; log sequence number 0 21112469
170301 15:02:04 [Note] mysqld: ready for connections.
Version: '5.0.27-community'  socket: ''  port: 3306  MySQL Community Edition (GPL)
170302  8:46:58  InnoDB: Database was not shut down normally!
InnoDB: Starting crash recovery.
InnoDB: Reading tablespace information from the .ibd files...
InnoDB: Restoring possible half-written data pages from the doublewrite
InnoDB: buffer...
170302  8:46:58  InnoDB: Starting log scan based on checkpoint at
InnoDB: log sequence number 0 21112469.
InnoDB: Doing recovery: scanned up to log sequence number 0 21112469
170302  8:46:58  InnoDB: Started; log sequence number 0 21112469
170302  8:46:58 [Note] mysqld: ready for connections.
Version: '5.0.27-community'  socket: ''  port: 3306  MySQL Community Edition (GPL)
