151105 17:46:54  InnoDB: Started; log sequence number 0 21112449
151105 17:46:54 [Note] mysqld: ready for connections.
Version: '5.0.27-community'  socket: ''  port: 3306  MySQL Community Edition (GPL)
151106  9:02:28  InnoDB: Started; log sequence number 0 21112449
151106  9:02:28 [Note] mysqld: ready for connections.
Version: '5.0.27-community'  socket: ''  port: 3306  MySQL Community Edition (GPL)
151108 11:15:02  InnoDB: Started; log sequence number 0 21112449
151108 11:15:02 [Note] mysqld: ready for connections.
Version: '5.0.27-community'  socket: ''  port: 3306  MySQL Community Edition (GPL)
151110  9:27:12  InnoDB: Started; log sequence number 0 21112449
151110  9:27:12 [Note] mysqld: ready for connections.
Version: '5.0.27-community'  socket: ''  port: 3306  MySQL Community Edition (GPL)
151110  9:42:31  InnoDB: Started; log sequence number 0 21112449
151110  9:42:31 [Note] mysqld: ready for connections.
Version: '5.0.27-community'  socket: ''  port: 3306  MySQL Community Edition (GPL)
151111 15:53:50  InnoDB: Started; log sequence number 0 21112449
151111 15:53:50 [Note] mysqld: ready for connections.
Version: '5.0.27-community'  socket: ''  port: 3306  MySQL Community Edition (GPL)
151112 15:35:23  InnoDB: Started; log sequence number 0 21112449
151112 15:35:23 [Note] mysqld: ready for connections.
Version: '5.0.27-community'  socket: ''  port: 3306  MySQL Community Edition (GPL)
151113 10:08:40  InnoDB: Started; log sequence number 0 21112449
151113 10:08:40 [Note] mysqld: ready for connections.
Version: '5.0.27-community'  socket: ''  port: 3306  MySQL Community Edition (GPL)
151116  9:17:59  InnoDB: Started; log sequence number 0 21112449
151116  9:17:59 [Note] mysqld: ready for connections.
Version: '5.0.27-community'  socket: ''  port: 3306  MySQL Community Edition (GPL)
