150213 12:40:16  InnoDB: Started; log sequence number 0 21112449
150213 12:40:16 [Note] mysqld: ready for connections.
Version: '5.0.27-community'  socket: ''  port: 3306  MySQL Community Edition (GPL)
150304 10:11:43  InnoDB: Started; log sequence number 0 21112449
150304 10:11:43 [Note] mysqld: ready for connections.
Version: '5.0.27-community'  socket: ''  port: 3306  MySQL Community Edition (GPL)
150309 13:54:02  InnoDB: Started; log sequence number 0 21112449
150309 13:54:02 [Note] mysqld: ready for connections.
Version: '5.0.27-community'  socket: ''  port: 3306  MySQL Community Edition (GPL)
150429 14:48:37  InnoDB: Started; log sequence number 0 21112449
150429 14:48:37 [Note] mysqld: ready for connections.
Version: '5.0.27-community'  socket: ''  port: 3306  MySQL Community Edition (GPL)
150514 12:11:17  InnoDB: Started; log sequence number 0 21112449
150514 12:11:17 [Note] mysqld: ready for connections.
Version: '5.0.27-community'  socket: ''  port: 3306  MySQL Community Edition (GPL)
150515  9:37:21  InnoDB: Started; log sequence number 0 21112449
150515  9:37:21 [Note] mysqld: ready for connections.
Version: '5.0.27-community'  socket: ''  port: 3306  MySQL Community Edition (GPL)
150518 10:01:28  InnoDB: Started; log sequence number 0 21112449
150518 10:01:28 [Note] mysqld: ready for connections.
Version: '5.0.27-community'  socket: ''  port: 3306  MySQL Community Edition (GPL)
150519  9:20:54  InnoDB: Started; log sequence number 0 21112449
150519  9:20:54 [Note] mysqld: ready for connections.
Version: '5.0.27-community'  socket: ''  port: 3306  MySQL Community Edition (GPL)
150520  9:19:42  InnoDB: Started; log sequence number 0 21112449
150520  9:19:42 [Note] mysqld: ready for connections.
Version: '5.0.27-community'  socket: ''  port: 3306  MySQL Community Edition (GPL)
150521  8:43:22  InnoDB: Started; log sequence number 0 21112449
150521  8:43:22 [Note] mysqld: ready for connections.
Version: '5.0.27-community'  socket: ''  port: 3306  MySQL Community Edition (GPL)
150522 11:33:23  InnoDB: Started; log sequence number 0 21112449
150522 11:33:23 [Note] mysqld: ready for connections.
Version: '5.0.27-community'  socket: ''  port: 3306  MySQL Community Edition (GPL)
150525  8:52:06  InnoDB: Started; log sequence number 0 21112449
150525  8:52:06 [Note] mysqld: ready for connections.
Version: '5.0.27-community'  socket: ''  port: 3306  MySQL Community Edition (GPL)
150526  9:12:52  InnoDB: Started; log sequence number 0 21112449
150526  9:12:52 [Note] mysqld: ready for connections.
Version: '5.0.27-community'  socket: ''  port: 3306  MySQL Community Edition (GPL)
150527  9:07:03  InnoDB: Started; log sequence number 0 21112449
150527  9:07:03 [Note] mysqld: ready for connections.
Version: '5.0.27-community'  socket: ''  port: 3306  MySQL Community Edition (GPL)
150527  9:41:52  InnoDB: Started; log sequence number 0 21112449
150527  9:41:52 [Note] mysqld: ready for connections.
Version: '5.0.27-community'  socket: ''  port: 3306  MySQL Community Edition (GPL)
150527 10:18:21  InnoDB: Started; log sequence number 0 21112449
150527 10:18:21 [Note] mysqld: ready for connections.
Version: '5.0.27-community'  socket: ''  port: 3306  MySQL Community Edition (GPL)
150527 14:54:27  InnoDB: Started; log sequence number 0 21112449
150527 14:54:29 [Note] mysqld: ready for connections.
Version: '5.0.27-community'  socket: ''  port: 3306  MySQL Community Edition (GPL)
150528 13:53:26  InnoDB: Started; log sequence number 0 21112449
150528 13:53:26 [Note] mysqld: ready for connections.
Version: '5.0.27-community'  socket: ''  port: 3306  MySQL Community Edition (GPL)
150529 10:44:47  InnoDB: Started; log sequence number 0 21112449
150529 10:44:47 [Note] mysqld: ready for connections.
Version: '5.0.27-community'  socket: ''  port: 3306  MySQL Community Edition (GPL)
150601  9:30:51  InnoDB: Started; log sequence number 0 21112449
150601  9:30:51 [Note] mysqld: ready for connections.
Version: '5.0.27-community'  socket: ''  port: 3306  MySQL Community Edition (GPL)
150609 11:53:19  InnoDB: Started; log sequence number 0 21112449
150609 11:53:19 [Note] mysqld: ready for connections.
Version: '5.0.27-community'  socket: ''  port: 3306  MySQL Community Edition (GPL)
150610 12:30:39  InnoDB: Started; log sequence number 0 21112449
150610 12:30:39 [Note] mysqld: ready for connections.
Version: '5.0.27-community'  socket: ''  port: 3306  MySQL Community Edition (GPL)
150612 12:48:09  InnoDB: Started; log sequence number 0 21112449
150612 12:48:09 [Note] mysqld: ready for connections.
Version: '5.0.27-community'  socket: ''  port: 3306  MySQL Community Edition (GPL)
150703 10:11:33  InnoDB: Started; log sequence number 0 21112449
150703 10:11:33 [Note] mysqld: ready for connections.
Version: '5.0.27-community'  socket: ''  port: 3306  MySQL Community Edition (GPL)
